I: Command line: [C:/Projects/cbridgeTests/Examples/Test1/test.cbuild-gen-idx.yml]
I: Command line: [C:/Projects/cbridgeTests/Examples/Test1/test.cbuild-gen-idx.yml -p 29216]
I: Command line: [C:/Projects/cbridgeTests/Examples/Test1/test.cbuild-gen-idx.yml]
I: Command line: [C:/Projects/cbridgeTests/Examples/Test1/test.cbuild-gen-idx.yml]
I: Command line: [C:/Projects/cbridgeTests/Examples/Test1/test.cbuild-gen-idx.yml]
I: Command line: [C:/Projects/cbridgeTests/Examples/Test1/test.cbuild-gen-idx.yml]
I: Reading generator.yml file: 'C:\Projects\generator-bridge\etc\global.generator.yml'
I: Reading cbuild.yml file: 'C:/Projects/cbridgeTests/Examples/Test1/test.cbuild-gen-idx.yml'
I: Found CBuildGenIdx: #0 ID: CubeMX, board: , device: STM32H745BGTx, type: multi-core
I: CBuildGenIdx Output path: C:/Projects/cbridgeTests/Examples/Test1/STM32CubeMX/STM32H745BGTx/STM32CubeMX/xxx
I: Found CBuildGen: board: , device: STM32H745BGTx:CM4, core: Cortex-M4, TZ: , compiler: AC6, project: cm4.cproject.yml
I: Found CBuildGen: board: , device: STM32H745BGTx:CM4, core: Cortex-M4, TZ: , compiler: AC6, project: cm4.cproject.yml
I: Found CBuildGen: board: , device: STM32H745BGTx:CM7, core: Cortex-M7, TZ: , compiler: AC6, project: cm7.cproject.yml
I: Found CBuildGen: board: , device: STM32H745BGTx:CM7, core: Cortex-M7, TZ: , compiler: AC6, project: cm7.cproject.yml
I: Launching STM32CubeMX...
I: pid of CubeMX in main: 23600
I: Command line: [C:/Projects/cbridgeTests/Examples/Test1/test.cbuild-gen-idx.yml -p 23600]
I: Reading generator.yml file: 'C:\Projects\generator-bridge\etc\global.generator.yml'
I: Reading cbuild.yml file: 'C:/Projects/cbridgeTests/Examples/Test1/test.cbuild-gen-idx.yml'
I: Found CBuildGenIdx: #0 ID: CubeMX, board: , device: STM32H745BGTx, type: multi-core
I: CBuildGenIdx Output path: C:/Projects/cbridgeTests/Examples/Test1/STM32CubeMX/STM32H745BGTx/STM32CubeMX/xxx
I: Found CBuildGen: board: , device: STM32H745BGTx:CM4, core: Cortex-M4, TZ: , compiler: AC6, project: cm4.cproject.yml
I: Found CBuildGen: board: , device: STM32H745BGTx:CM4, core: Cortex-M4, TZ: , compiler: AC6, project: cm4.cproject.yml
I: Found CBuildGen: board: , device: STM32H745BGTx:CM7, core: Cortex-M7, TZ: , compiler: AC6, project: cm7.cproject.yml
I: Found CBuildGen: board: , device: STM32H745BGTx:CM7, core: Cortex-M7, TZ: , compiler: AC6, project: cm7.cproject.yml
I: pid of CubeMX in daemon: 23600
I: Waiting for CubeMX "Generate Code"
I: CubeMX ended
I: Waiting for CubeMX "Generate Code"
I: Waiting for CubeMX "Generate Code"
I: Error: <nil>
I: Command line: [C:/Projects/cbridgeTests/Examples/Test1/test.cbuild-gen-idx.yml]
I: Reading generator.yml file: 'C:\Projects\generator-bridge\etc\global.generator.yml'
I: Reading cbuild.yml file: 'C:/Projects/cbridgeTests/Examples/Test1/test.cbuild-gen-idx.yml'
I: Found CBuildGenIdx: #0 ID: CubeMX, board: , device: STM32H745BGTx, type: multi-core
I: CBuildGenIdx Output path: C:/Projects/cbridgeTests/Examples/Test1/STM32CubeMX/STM32H745BGTx/STM32CubeMX/xxx
I: Found CBuildGen: board: , device: STM32H745BGTx:CM4, core: Cortex-M4, TZ: , compiler: AC6, project: cm4.cproject.yml
I: Found CBuildGen: board: , device: STM32H745BGTx:CM4, core: Cortex-M4, TZ: , compiler: AC6, project: cm4.cproject.yml
I: Found CBuildGen: board: , device: STM32H745BGTx:CM7, core: Cortex-M7, TZ: , compiler: AC6, project: cm7.cproject.yml
I: Found CBuildGen: board: , device: STM32H745BGTx:CM7, core: Cortex-M7, TZ: , compiler: AC6, project: cm7.cproject.yml
I: Launching STM32CubeMX...
I: pid of CubeMX in main: 21220
I: Command line: [C:/Projects/cbridgeTests/Examples/Test1/test.cbuild-gen-idx.yml -p 21220]
I: Reading generator.yml file: 'C:\Projects\generator-bridge\etc\global.generator.yml'
I: Reading cbuild.yml file: 'C:/Projects/cbridgeTests/Examples/Test1/test.cbuild-gen-idx.yml'
I: Found CBuildGenIdx: #0 ID: CubeMX, board: , device: STM32H745BGTx, type: multi-core
I: CBuildGenIdx Output path: C:/Projects/cbridgeTests/Examples/Test1/STM32CubeMX/STM32H745BGTx/STM32CubeMX/xxx
I: Found CBuildGen: board: , device: STM32H745BGTx:CM4, core: Cortex-M4, TZ: , compiler: AC6, project: cm4.cproject.yml
I: Found CBuildGen: board: , device: STM32H745BGTx:CM4, core: Cortex-M4, TZ: , compiler: AC6, project: cm4.cproject.yml
I: Found CBuildGen: board: , device: STM32H745BGTx:CM7, core: Cortex-M7, TZ: , compiler: AC6, project: cm7.cproject.yml
I: Found CBuildGen: board: , device: STM32H745BGTx:CM7, core: Cortex-M7, TZ: , compiler: AC6, project: cm7.cproject.yml
I: pid of CubeMX in daemon: 21220
I: watching for: C:/Projects/cbridgeTests/Examples/Test1/STM32CubeMX/STM32H745BGTx/STM32CubeMX/STM32CubeMX.ioc
I: Waiting for CubeMX "Generate Code"
I: CubeMX ended
I: Waiting for CubeMX "Generate Code"
I: Error: <nil>
I: Command line: [C:/Projects/cbridgeTests/Examples/Test1/test.cbuild-gen-idx.yml]
I: Reading generator.yml file: 'C:\Projects\generator-bridge\etc\global.generator.yml'
I: Reading cbuild.yml file: 'C:/Projects/cbridgeTests/Examples/Test1/test.cbuild-gen-idx.yml'
I: Found CBuildGenIdx: #0 ID: CubeMX, board: , device: STM32H745BGTx, type: multi-core
I: CBuildGenIdx Output path: C:/Projects/cbridgeTests/Examples/Test1/STM32CubeMX/STM32H745BGTx/STM32CubeMX/xxx
I: Found CBuildGen: board: , device: STM32H745BGTx:CM4, core: Cortex-M4, TZ: , compiler: AC6, project: cm4.cproject.yml
I: Found CBuildGen: board: , device: STM32H745BGTx:CM4, core: Cortex-M4, TZ: , compiler: AC6, project: cm4.cproject.yml
I: Found CBuildGen: board: , device: STM32H745BGTx:CM7, core: Cortex-M7, TZ: , compiler: AC6, project: cm7.cproject.yml
I: Found CBuildGen: board: , device: STM32H745BGTx:CM7, core: Cortex-M7, TZ: , compiler: AC6, project: cm7.cproject.yml
I: Launching STM32CubeMX...
I: pid of CubeMX in main: 29096
I: Command line: [C:/Projects/cbridgeTests/Examples/Test1/test.cbuild-gen-idx.yml -p 29096]
I: Reading generator.yml file: 'C:\Projects\generator-bridge\etc\global.generator.yml'
I: Reading cbuild.yml file: 'C:/Projects/cbridgeTests/Examples/Test1/test.cbuild-gen-idx.yml'
I: Found CBuildGenIdx: #0 ID: CubeMX, board: , device: STM32H745BGTx, type: multi-core
I: CBuildGenIdx Output path: C:/Projects/cbridgeTests/Examples/Test1/STM32CubeMX/STM32H745BGTx/STM32CubeMX/xxx
I: Found CBuildGen: board: , device: STM32H745BGTx:CM4, core: Cortex-M4, TZ: , compiler: AC6, project: cm4.cproject.yml
I: Found CBuildGen: board: , device: STM32H745BGTx:CM4, core: Cortex-M4, TZ: , compiler: AC6, project: cm4.cproject.yml
I: Found CBuildGen: board: , device: STM32H745BGTx:CM7, core: Cortex-M7, TZ: , compiler: AC6, project: cm7.cproject.yml
I: Found CBuildGen: board: , device: STM32H745BGTx:CM7, core: Cortex-M7, TZ: , compiler: AC6, project: cm7.cproject.yml
I: pid of CubeMX in daemon: 29096
I: watching for: C:/Projects/cbridgeTests/Examples/Test1/STM32CubeMX/STM32H745BGTx/STM32CubeMX/STM32CubeMX.ioc
I: Waiting for CubeMX "Generate Code"
I: CubeMX ended
I: Waiting for CubeMX "Generate Code"
I: Errorx: <nil>
I: Command line: [C:/Projects/cbridgeTests/Examples/Test1/test.cbuild-gen-idx.yml]
I: Reading generator.yml file: 'C:\Projects\generator-bridge\etc\global.generator.yml'
I: Reading cbuild.yml file: 'C:/Projects/cbridgeTests/Examples/Test1/test.cbuild-gen-idx.yml'
I: Found CBuildGenIdx: #0 ID: CubeMX, board: , device: STM32H745BGTx, type: multi-core
I: CBuildGenIdx Output path: C:/Projects/cbridgeTests/Examples/Test1/STM32CubeMX/STM32H745BGTx/STM32CubeMX/xxx
I: Found CBuildGen: board: , device: STM32H745BGTx:CM4, core: Cortex-M4, TZ: , compiler: AC6, project: cm4.cproject.yml
I: Found CBuildGen: board: , device: STM32H745BGTx:CM4, core: Cortex-M4, TZ: , compiler: AC6, project: cm4.cproject.yml
I: Found CBuildGen: board: , device: STM32H745BGTx:CM7, core: Cortex-M7, TZ: , compiler: AC6, project: cm7.cproject.yml
I: Found CBuildGen: board: , device: STM32H745BGTx:CM7, core: Cortex-M7, TZ: , compiler: AC6, project: cm7.cproject.yml
I: Command line: [C:/Projects/cbridgeTests/Examples/Test1/test.cbuild-gen-idx.yml]
I: Reading generator.yml file: 'C:\Projects\generator-bridge\etc\global.generator.yml'
I: Reading cbuild.yml file: 'C:/Projects/cbridgeTests/Examples/Test1/test.cbuild-gen-idx.yml'
I: Found CBuildGenIdx: #0 ID: CubeMX, board: , device: STM32H745BGTx, type: multi-core
I: CBuildGenIdx Output path: C:/Projects/cbridgeTests/Examples/Test1/STM32CubeMX/STM32H745BGTx/STM32CubeMX/xxx
I: Found CBuildGen: board: , device: STM32H745BGTx:CM4, core: Cortex-M4, TZ: , compiler: AC6, project: cm4.cproject.yml
I: Found CBuildGen: board: , device: STM32H745BGTx:CM4, core: Cortex-M4, TZ: , compiler: AC6, project: cm4.cproject.yml
I: Found CBuildGen: board: , device: STM32H745BGTx:CM7, core: Cortex-M7, TZ: , compiler: AC6, project: cm7.cproject.yml
I: Found CBuildGen: board: , device: STM32H745BGTx:CM7, core: Cortex-M7, TZ: , compiler: AC6, project: cm7.cproject.yml
I: CubeMX with: C:/Projects/cbridgeTests/Examples/Test1/STM32CubeMX/STM32H745BGTx/STM32CubeMX/xxx/STM32CubeMX/STM32CubeMX.ioc
I: Launching STM32CubeMX...
I: pid of CubeMX in main: 24516
I: Command line: [C:/Projects/cbridgeTests/Examples/Test1/test.cbuild-gen-idx.yml -p 24516]
I: Reading generator.yml file: 'C:\Projects\generator-bridge\etc\global.generator.yml'
I: Reading cbuild.yml file: 'C:/Projects/cbridgeTests/Examples/Test1/test.cbuild-gen-idx.yml'
I: Found CBuildGenIdx: #0 ID: CubeMX, board: , device: STM32H745BGTx, type: multi-core
I: CBuildGenIdx Output path: C:/Projects/cbridgeTests/Examples/Test1/STM32CubeMX/STM32H745BGTx/STM32CubeMX/xxx
I: Found CBuildGen: board: , device: STM32H745BGTx:CM4, core: Cortex-M4, TZ: , compiler: AC6, project: cm4.cproject.yml
I: Found CBuildGen: board: , device: STM32H745BGTx:CM4, core: Cortex-M4, TZ: , compiler: AC6, project: cm4.cproject.yml
I: Found CBuildGen: board: , device: STM32H745BGTx:CM7, core: Cortex-M7, TZ: , compiler: AC6, project: cm7.cproject.yml
I: Found CBuildGen: board: , device: STM32H745BGTx:CM7, core: Cortex-M7, TZ: , compiler: AC6, project: cm7.cproject.yml
I: pid of CubeMX in daemon: 24516
I: watching for: C:/Projects/cbridgeTests/Examples/Test1/STM32CubeMX/STM32H745BGTx/STM32CubeMX/xxx/STM32CubeMX/STM32CubeMX.ioc
I: Waiting for CubeMX "Generate Code"
I: Modified file: C:\Projects\cbridgeTests\Examples\Test1\STM32CubeMX\STM32H745BGTx\STM32CubeMX\xxx\STM32CubeMX\STM32CubeMX.ioc
I: Modified file: C:\Projects\cbridgeTests\Examples\Test1\STM32CubeMX\STM32H745BGTx\STM32CubeMX\xxx\STM32CubeMX\STM32CubeMX.ioc
I: Modified file: C:\Projects\cbridgeTests\Examples\Test1\STM32CubeMX\STM32H745BGTx\STM32CubeMX\xxx\STM32CubeMX\STM32CubeMX.ioc
I: Modified file: C:\Projects\cbridgeTests\Examples\Test1\STM32CubeMX\STM32H745BGTx\STM32CubeMX\xxx\STM32CubeMX\STM32CubeMX.ioc
I: 
Reading CubeMX config file: C:/Projects/cbridgeTests/Examples/Test1/STM32CubeMX/STM32H745BGTx/STM32CubeMX/xxx/STM32CubeMX/.mxproject
I: ignoring Templates file (mostly not present): ../Drivers/CMSIS/Device/ST/STM32H7xx/Source/Templates/system_stm32h7xx.c
I: ignoring system_ file (delivered from elsewhere): ../Drivers/CMSIS/Device/ST/STM32H7xx/Source/Templates/system_stm32h7xx.c
I: ignoring system_ file (delivered from elsewhere): ../Drivers/CMSIS/Device/ST/STM32H7xx/Source/Templates/system_stm32h7xx.c
I: ignoring system_ file (delivered from elsewhere): ../Drivers/CMSIS/Device/ST/STM32H7xx/Source/Templates/system_stm32h7xx.c
I: Waiting for CubeMX "Generate Code"
I: CubeMX ended
I: Waiting for CubeMX "Generate Code"
I: Errorx: <nil>
